Address bits: 32
Block size: 64
Cache sets: 32
Associativity: 1

Offset bit count: 6
Indexing bit count: 5
Indexing bits: 6 9 12 16 25

.benchmark datanreal
00010001111110010111000000000000 miss
00010100000000001000100001110000 miss
00010100000000001000011111111000 miss
00010100000000000010011100001000 miss
00010100000000000010011101101000 miss
00010100000000000010011101101100 hit
00010100000000001000100010101000 miss
00010100000000000010011100001000 hit
00010100000000000010011110010000 miss
00010100000000000010011110010100 hit
00010100000000001000100010110000 hit
00010100000000001000011111111000 miss
00010100000000001000100010000000 hit
00010100000000001000100001110000 hit
00010001111110010110111111101100 miss
00010001111110010110111111101000 hit
00010001111110010110111111100100 hit
00010001111110010110111111100000 hit
00010001111110010110111110010000 miss
00010001111110010110111110010000 hit
00010010000000000011000110110000 miss
00010100000000001000100011000000 miss
00010001111110010110111110011000 hit
00010001111110010110111110011000 hit
00010100000000001000100100000000 miss
00010001111110010110111110100000 hit
00010001111110010110111110100000 hit
00010010000000000011000110110000 hit
00010100000000001000100101000000 miss
00010001111110010110111110101000 hit
00010001111110010110111110101000 hit
00010100000000001000100110000000 miss
00010001111110010110111110010000 hit
00010001111110010110111110010000 hit
00010010000000000011000110110000 hit
00010100000000001000100011000100 miss
00010001111110010110111110011000 hit
00010001111110010110111110011000 hit
00010100000000001000100100000100 miss
00010001111110010110111110100000 hit
00010001111110010110111110100000 hit
00010010000000000011000110110000 hit
00010100000000001000100101000100 miss
00010001111110010110111110101000 hit
00010001111110010110111110101000 hit
00010100000000001000100110000100 miss
00010001111110010110111110010000 hit
00010001111110010110111110010000 hit
00010010000000000011000110110000 hit
00010100000000001000100011001000 miss
00010001111110010110111110011000 hit
00010001111110010110111110011000 hit
00010100000000001000100100001000 miss
00010001111110010110111110100000 hit
00010001111110010110111110100000 hit
00010010000000000011000110110000 hit
00010100000000001000100101001000 miss
00010001111110010110111110101000 hit
00010001111110010110111110101000 hit
00010100000000001000100110001000 miss
00010001111110010110111110010000 hit
00010001111110010110111110010000 hit
00010010000000000011000110110000 hit
00010100000000001000100011001100 miss
00010001111110010110111110011000 hit
00010001111110010110111110011000 hit
00010100000000001000100100001100 miss
00010001111110010110111110100000 hit
00010001111110010110111110100000 hit
00010010000000000011000110110000 hit
00010100000000001000100101001100 miss
00010001111110010110111110101000 hit
00010001111110010110111110101000 hit
00010100000000001000100110001100 miss
00010001111110010110111110010000 hit
00010001111110010110111110010000 hit
00010010000000000011000110110000 hit
00010100000000001000100011010000 miss
00010001111110010110111110011000 hit
00010001111110010110111110011000 hit
00010100000000001000100100010000 miss
00010001111110010110111110100000 hit
00010001111110010110111110100000 hit
00010010000000000011000110110000 hit
00010100000000001000100101010000 miss
00010001111110010110111110101000 hit
00010001111110010110111110101000 hit
00010100000000001000100110010000 miss
00010001111110010110111110010000 hit
00010001111110010110111110010000 hit
00010010000000000011000110110000 hit
00010100000000001000100011010100 miss
00010001111110010110111110011000 hit
00010001111110010110111110011000 hit
00010100000000001000100100010100 miss
00010001111110010110111110100000 hit
00010001111110010110111110100000 hit
00010010000000000011000110110000 hit
00010100000000001000100101010100 miss
00010001111110010110111110101000 hit
00010001111110010110111110101000 hit
00010100000000001000100110010100 miss
00010001111110010110111110010000 hit
00010001111110010110111110010000 hit
00010010000000000011000110110000 hit
00010100000000001000100011011000 miss
00010001111110010110111110011000 hit
00010001111110010110111110011000 hit
00010100000000001000100100011000 miss
00010001111110010110111110100000 hit
00010001111110010110111110100000 hit
00010010000000000011000110110000 hit
00010100000000001000100101011000 miss
00010001111110010110111110101000 hit
00010001111110010110111110101000 hit
00010100000000001000100110011000 miss
00010001111110010110111110010000 hit
00010001111110010110111110010000 hit
00010010000000000011000110110000 hit
00010100000000001000100011011100 miss
00010001111110010110111110011000 hit
00010001111110010110111110011000 hit
00010100000000001000100100011100 miss
00010001111110010110111110100000 hit
00010001111110010110111110100000 hit
00010010000000000011000110110000 hit
00010100000000001000100101011100 miss
00010001111110010110111110101000 hit
00010001111110010110111110101000 hit
00010100000000001000100110011100 miss
00010001111110010110111110010000 hit
00010001111110010110111110010000 hit
00010010000000000011000110110000 hit
00010100000000001000100011100000 miss
00010001111110010110111110011000 hit
00010001111110010110111110011000 hit
00010100000000001000100100100000 miss
00010001111110010110111110100000 hit
00010001111110010110111110100000 hit
00010010000000000011000110110000 hit
00010100000000001000100101100000 miss
00010001111110010110111110101000 hit
00010001111110010110111110101000 hit
00010100000000001000100110100000 miss
00010001111110010110111110010000 hit
00010001111110010110111110010000 hit
00010010000000000011000110110000 hit
00010100000000001000100011100100 miss
00010001111110010110111110011000 hit
00010001111110010110111110011000 hit
00010100000000001000100100100100 miss
00010001111110010110111110100000 hit
00010001111110010110111110100000 hit
00010010000000000011000110110000 hit
00010100000000001000100101100100 miss
00010001111110010110111110101000 hit
00010001111110010110111110101000 hit
00010100000000001000100110100100 miss
00010001111110010110111110010000 hit
00010001111110010110111110010000 hit
00010010000000000011000110110000 hit
00010100000000001000100011101000 miss
00010001111110010110111110011000 hit
00010001111110010110111110011000 hit
00010100000000001000100100101000 miss
00010001111110010110111110100000 hit
00010001111110010110111110100000 hit
00010010000000000011000110110000 hit
00010100000000001000100101101000 miss
00010001111110010110111110101000 hit
00010001111110010110111110101000 hit
00010100000000001000100110101000 miss
00010001111110010110111110010000 hit
00010001111110010110111110010000 hit
00010010000000000011000110110000 hit
00010100000000001000100011101100 miss
00010001111110010110111110011000 hit
00010001111110010110111110011000 hit
00010100000000001000100100101100 miss
00010001111110010110111110100000 hit
00010001111110010110111110100000 hit
00010010000000000011000110110000 hit
00010100000000001000100101101100 miss
00010001111110010110111110101000 hit
00010001111110010110111110101000 hit
00010100000000001000100110101100 miss
00010001111110010110111110010000 hit
00010001111110010110111110010000 hit
00010010000000000011000110110000 hit
00010100000000001000100011110000 miss
00010001111110010110111110011000 hit
00010001111110010110111110011000 hit
00010100000000001000100100110000 miss
00010001111110010110111110100000 hit
00010001111110010110111110100000 hit
00010010000000000011000110110000 hit
00010100000000001000100101110000 miss
00010001111110010110111110101000 hit
00010001111110010110111110101000 hit
00010100000000001000100110110000 miss
00010001111110010110111110010000 hit
00010001111110010110111110010000 hit
00010010000000000011000110110000 hit
00010100000000001000100011110100 miss
00010001111110010110111110011000 hit
00010001111110010110111110011000 hit
00010100000000001000100100110100 miss
00010001111110010110111110100000 hit
00010001111110010110111110100000 hit
00010010000000000011000110110000 hit
00010100000000001000100101110100 miss
00010001111110010110111110101000 hit
00010001111110010110111110101000 hit
00010100000000001000100110110100 miss
00010001111110010110111110010000 hit
00010001111110010110111110010000 hit
00010010000000000011000110110000 hit
00010100000000001000100011111000 miss
00010001111110010110111110011000 hit
00010001111110010110111110011000 hit
00010100000000001000100100111000 miss
00010001111110010110111110100000 hit
00010001111110010110111110100000 hit
00010010000000000011000110110000 hit
00010100000000001000100101111000 miss
00010001111110010110111110101000 hit
00010001111110010110111110101000 hit
00010100000000001000100110111000 miss
00010001111110010110111110010000 hit
00010001111110010110111110010000 hit
00010010000000000011000110110000 hit
00010100000000001000100011111100 miss
00010001111110010110111110011000 hit
00010001111110010110111110011000 hit
00010100000000001000100100111100 miss
00010001111110010110111110100000 hit
00010001111110010110111110100000 hit
00010010000000000011000110110000 hit
00010100000000001000100101111100 miss
00010001111110010110111110101000 hit
00010001111110010110111110101000 hit
00010100000000001000100110111100 miss
00010001111110010110111111100000 hit
00010001111110010110111111100000 hit
00010001111110010110111111100100 hit
00010001111110010110111111100100 hit
00010001111110010110111111101100 hit
00010001111110010110111111101100 hit
00010001111110010110111111101000 hit
00010001111110010110111111101000 hit
00010100000000001000100101000000 hit
00010100000000001000100011000000 miss
00010100000000001000100100000000 miss
00010100000000001000100110000000 miss
00010001111110010110111111100000 hit
00010001111110010110111111100000 hit
00010001111110010110111111100100 hit
00010001111110010110111111100100 hit
00010001111110010110111111101100 hit
00010001111110010110111111101100 hit
00010001111110010110111111101000 hit
00010001111110010110111111101000 hit
00010100000000001000100101000100 miss
00010100000000001000100011000100 miss
00010100000000001000100100000100 miss
00010100000000001000100110000100 miss
00010001111110010110111111100000 hit
00010001111110010110111111100000 hit
00010001111110010110111111100100 hit
00010001111110010110111111100100 hit
00010001111110010110111111101100 hit
00010001111110010110111111101100 hit
00010001111110010110111111101000 hit
00010001111110010110111111101000 hit
00010100000000001000100101001000 miss
00010100000000001000100011001000 miss
00010100000000001000100100001000 miss
00010100000000001000100110001000 miss
00010001111110010110111111100000 hit
00010001111110010110111111100000 hit
00010001111110010110111111100100 hit
00010001111110010110111111100100 hit
00010001111110010110111111101100 hit
00010001111110010110111111101100 hit
00010001111110010110111111101000 hit
00010001111110010110111111101000 hit
00010100000000001000100101001100 miss
00010100000000001000100011001100 miss
00010100000000001000100100001100 miss
00010100000000001000100110001100 miss
00010001111110010110111111100000 hit
00010001111110010110111111100000 hit
00010001111110010110111111100100 hit
00010001111110010110111111100100 hit
00010001111110010110111111101100 hit
00010001111110010110111111101100 hit
00010001111110010110111111101000 hit
00010001111110010110111111101000 hit
00010100000000001000100101010000 miss
00010100000000001000100011010000 miss
00010100000000001000100100010000 miss
00010100000000001000100110010000 miss
00010001111110010110111111100000 hit
00010001111110010110111111100000 hit
00010001111110010110111111100100 hit
00010001111110010110111111100100 hit
00010001111110010110111111101100 hit
00010001111110010110111111101100 hit
00010001111110010110111111101000 hit
00010001111110010110111111101000 hit
00010100000000001000100101010100 miss
00010100000000001000100011010100 miss
00010100000000001000100100010100 miss
00010100000000001000100110010100 miss
00010001111110010110111111100000 hit
00010001111110010110111111100000 hit
00010001111110010110111111100100 hit
00010001111110010110111111100100 hit
00010001111110010110111111101100 hit
00010001111110010110111111101100 hit
00010001111110010110111111101000 hit
00010001111110010110111111101000 hit
00010100000000001000100101011000 miss
00010100000000001000100011011000 miss
00010100000000001000100100011000 miss
00010100000000001000100110011000 miss
00010001111110010110111111100000 hit
00010001111110010110111111100000 hit
00010001111110010110111111100100 hit
00010001111110010110111111100100 hit
00010001111110010110111111101100 hit
00010001111110010110111111101100 hit
00010001111110010110111111101000 hit
00010001111110010110111111101000 hit
00010100000000001000100101011100 miss
00010100000000001000100011011100 miss
00010100000000001000100100011100 miss
00010100000000001000100110011100 miss
00010001111110010110111111100000 hit
00010001111110010110111111100000 hit
00010001111110010110111111100100 hit
00010001111110010110111111100100 hit
00010001111110010110111111101100 hit
00010001111110010110111111101100 hit
00010001111110010110111111101000 hit
00010001111110010110111111101000 hit
00010100000000001000100101100000 miss
00010100000000001000100011100000 miss
00010100000000001000100100100000 miss
00010100000000001000100110100000 miss
00010001111110010110111111100000 hit
00010001111110010110111111100000 hit
00010001111110010110111111100100 hit
00010001111110010110111111100100 hit
00010001111110010110111111101100 hit
00010001111110010110111111101100 hit
00010001111110010110111111101000 hit
00010001111110010110111111101000 hit
00010100000000001000100101100100 miss
00010100000000001000100011100100 miss
00010100000000001000100100100100 miss
00010100000000001000100110100100 miss
00010001111110010110111111100000 hit
00010001111110010110111111100000 hit
00010001111110010110111111100100 hit
00010001111110010110111111100100 hit
00010001111110010110111111101100 hit
00010001111110010110111111101100 hit
00010001111110010110111111101000 hit
00010001111110010110111111101000 hit
00010100000000001000100101101000 miss
00010100000000001000100011101000 miss
00010100000000001000100100101000 miss
00010100000000001000100110101000 miss
00010001111110010110111111100000 hit
00010001111110010110111111100000 hit
00010001111110010110111111100100 hit
00010001111110010110111111100100 hit
00010001111110010110111111101100 hit
00010001111110010110111111101100 hit
00010001111110010110111111101000 hit
00010001111110010110111111101000 hit
00010100000000001000100101101100 miss
00010100000000001000100011101100 miss
00010100000000001000100100101100 miss
00010100000000001000100110101100 miss
00010001111110010110111111100000 hit
00010001111110010110111111100000 hit
00010001111110010110111111100100 hit
00010001111110010110111111100100 hit
00010001111110010110111111101100 hit
00010001111110010110111111101100 hit
00010001111110010110111111101000 hit
00010001111110010110111111101000 hit
00010100000000001000100101110000 miss
00010100000000001000100011110000 miss
00010100000000001000100100110000 miss
00010100000000001000100110110000 miss
00010001111110010110111111100000 hit
00010001111110010110111111100000 hit
00010001111110010110111111100100 hit
00010001111110010110111111100100 hit
00010001111110010110111111101100 hit
00010001111110010110111111101100 hit
00010001111110010110111111101000 hit
00010001111110010110111111101000 hit
00010100000000001000100101110100 miss
00010100000000001000100011110100 miss
00010100000000001000100100110100 miss
00010100000000001000100110110100 miss
00010001111110010110111111100000 hit
00010001111110010110111111100000 hit
00010001111110010110111111100100 hit
00010001111110010110111111100100 hit
00010001111110010110111111101100 hit
00010001111110010110111111101100 hit
00010001111110010110111111101000 hit
00010001111110010110111111101000 hit
00010100000000001000100101111000 miss
00010100000000001000100011111000 miss
00010100000000001000100100111000 miss
00010100000000001000100110111000 miss
00010001111110010110111111100000 hit
00010001111110010110111111100000 hit
00010001111110010110111111100100 hit
00010001111110010110111111100100 hit
00010001111110010110111111101100 hit
00010001111110010110111111101100 hit
00010001111110010110111111101000 hit
00010001111110010110111111101000 hit
00010100000000001000100101111100 miss
00010100000000001000100011111100 miss
00010100000000001000100100111100 miss
00010100000000001000100110111100 miss
00010001111110010110111110010000 hit
00010001111110010110111110010000 hit
00010010000000000011000110110000 hit
00010100000000001000100011000000 hit
00010001111110010110111110011000 hit
00010001111110010110111110011000 hit
00010100000000001000100100000000 miss
00010001111110010110111110100000 hit
00010001111110010110111110100000 hit
00010010000000000011000110110000 hit
00010100000000001000100101000000 miss
00010001111110010110111110101000 hit
00010001111110010110111110101000 hit
00010100000000001000100110000000 miss
00010001111110010110111110010000 hit
00010001111110010110111110010000 hit
00010010000000000011000110110000 hit
00010100000000001000100011000100 miss
00010001111110010110111110011000 hit
00010001111110010110111110011000 hit
00010100000000001000100100000100 miss
00010001111110010110111110100000 hit
00010001111110010110111110100000 hit
00010010000000000011000110110000 hit
00010100000000001000100101000100 miss
00010001111110010110111110101000 hit
00010001111110010110111110101000 hit
00010100000000001000100110000100 miss
00010001111110010110111110010000 hit
00010001111110010110111110010000 hit
00010010000000000011000110110000 hit
00010100000000001000100011001000 miss
00010001111110010110111110011000 hit
00010001111110010110111110011000 hit
00010100000000001000100100001000 miss
00010001111110010110111110100000 hit
00010001111110010110111110100000 hit
00010010000000000011000110110000 hit
00010100000000001000100101001000 miss
00010001111110010110111110101000 hit
00010001111110010110111110101000 hit
00010100000000001000100110001000 miss
00010001111110010110111110010000 hit
00010001111110010110111110010000 hit
00010010000000000011000110110000 hit
00010100000000001000100011001100 miss
00010001111110010110111110011000 hit
00010001111110010110111110011000 hit
00010100000000001000100100001100 miss
00010001111110010110111110100000 hit
00010001111110010110111110100000 hit
00010010000000000011000110110000 hit
00010100000000001000100101001100 miss
00010001111110010110111110101000 hit
00010001111110010110111110101000 hit
00010100000000001000100110001100 miss
00010001111110010110111110010000 hit
00010001111110010110111110010000 hit
00010010000000000011000110110000 hit
00010100000000001000100011010000 miss
00010001111110010110111110011000 hit
00010001111110010110111110011000 hit
00010100000000001000100100010000 miss
00010001111110010110111110100000 hit
00010001111110010110111110100000 hit
00010010000000000011000110110000 hit
00010100000000001000100101010000 miss
00010001111110010110111110101000 hit
00010001111110010110111110101000 hit
00010100000000001000100110010000 miss
00010001111110010110111110010000 hit
00010001111110010110111110010000 hit
00010010000000000011000110110000 hit
00010100000000001000100011010100 miss
00010001111110010110111110011000 hit
00010001111110010110111110011000 hit
00010100000000001000100100010100 miss
00010001111110010110111110100000 hit
00010001111110010110111110100000 hit
00010010000000000011000110110000 hit
00010100000000001000100101010100 miss
00010001111110010110111110101000 hit
00010001111110010110111110101000 hit
00010100000000001000100110010100 miss
00010001111110010110111110010000 hit
00010001111110010110111110010000 hit
00010010000000000011000110110000 hit
00010100000000001000100011011000 miss
00010001111110010110111110011000 hit
00010001111110010110111110011000 hit
00010100000000001000100100011000 miss
00010001111110010110111110100000 hit
00010001111110010110111110100000 hit
00010010000000000011000110110000 hit
00010100000000001000100101011000 miss
00010001111110010110111110101000 hit
00010001111110010110111110101000 hit
00010100000000001000100110011000 miss
00010001111110010110111110010000 hit
00010001111110010110111110010000 hit
00010010000000000011000110110000 hit
00010100000000001000100011011100 miss
00010001111110010110111110011000 hit
00010001111110010110111110011000 hit
00010100000000001000100100011100 miss
00010001111110010110111110100000 hit
00010001111110010110111110100000 hit
00010010000000000011000110110000 hit
00010100000000001000100101011100 miss
00010001111110010110111110101000 hit
00010001111110010110111110101000 hit
00010100000000001000100110011100 miss
00010001111110010110111110010000 hit
00010001111110010110111110010000 hit
00010010000000000011000110110000 hit
00010100000000001000100011100000 miss
00010001111110010110111110011000 hit
00010001111110010110111110011000 hit
00010100000000001000100100100000 miss
00010001111110010110111110100000 hit
00010001111110010110111110100000 hit
00010010000000000011000110110000 hit
00010100000000001000100101100000 miss
00010001111110010110111110101000 hit
00010001111110010110111110101000 hit
00010100000000001000100110100000 miss
00010001111110010110111110010000 hit
00010001111110010110111110010000 hit
00010010000000000011000110110000 hit
00010100000000001000100011100100 miss
00010001111110010110111110011000 hit
00010001111110010110111110011000 hit
00010100000000001000100100100100 miss
00010001111110010110111110100000 hit
00010001111110010110111110100000 hit
00010010000000000011000110110000 hit
00010100000000001000100101100100 miss
00010001111110010110111110101000 hit
00010001111110010110111110101000 hit
00010100000000001000100110100100 miss
00010001111110010110111110010000 hit
00010001111110010110111110010000 hit
00010010000000000011000110110000 hit
00010100000000001000100011101000 miss
00010001111110010110111110011000 hit
00010001111110010110111110011000 hit
00010100000000001000100100101000 miss
00010001111110010110111110100000 hit
00010001111110010110111110100000 hit
00010010000000000011000110110000 hit
00010100000000001000100101101000 miss
00010001111110010110111110101000 hit
00010001111110010110111110101000 hit
00010100000000001000100110101000 miss
00010001111110010110111110010000 hit
00010001111110010110111110010000 hit
00010010000000000011000110110000 hit
00010100000000001000100011101100 miss
00010001111110010110111110011000 hit
00010001111110010110111110011000 hit
00010100000000001000100100101100 miss
00010001111110010110111110100000 hit
00010001111110010110111110100000 hit
00010010000000000011000110110000 hit
00010100000000001000100101101100 miss
00010001111110010110111110101000 hit
00010001111110010110111110101000 hit
00010100000000001000100110101100 miss
00010001111110010110111110010000 hit
00010001111110010110111110010000 hit
00010010000000000011000110110000 hit
00010100000000001000100011110000 miss
00010001111110010110111110011000 hit
00010001111110010110111110011000 hit
00010100000000001000100100110000 miss
00010001111110010110111110100000 hit
00010001111110010110111110100000 hit
00010010000000000011000110110000 hit
00010100000000001000100101110000 miss
00010001111110010110111110101000 hit
00010001111110010110111110101000 hit
00010100000000001000100110110000 miss
00010001111110010110111110010000 hit
00010001111110010110111110010000 hit
00010010000000000011000110110000 hit
00010100000000001000100011110100 miss
00010001111110010110111110011000 hit
00010001111110010110111110011000 hit
00010100000000001000100100110100 miss
00010001111110010110111110100000 hit
00010001111110010110111110100000 hit
00010010000000000011000110110000 hit
00010100000000001000100101110100 miss
00010001111110010110111110101000 hit
00010001111110010110111110101000 hit
00010100000000001000100110110100 miss
00010001111110010110111110010000 hit
00010001111110010110111110010000 hit
00010010000000000011000110110000 hit
00010100000000001000100011111000 miss
00010001111110010110111110011000 hit
00010001111110010110111110011000 hit
00010100000000001000100100111000 miss
00010001111110010110111110100000 hit
00010001111110010110111110100000 hit
00010010000000000011000110110000 hit
00010100000000001000100101111000 miss
00010001111110010110111110101000 hit
00010001111110010110111110101000 hit
00010100000000001000100110111000 miss
00010001111110010110111110010000 hit
00010001111110010110111110010000 hit
00010010000000000011000110110000 hit
00010100000000001000100011111100 miss
00010001111110010110111110011000 hit
00010001111110010110111110011000 hit
00010100000000001000100100111100 miss
00010001111110010110111110100000 hit
00010001111110010110111110100000 hit
00010010000000000011000110110000 hit
00010100000000001000100101111100 miss
00010001111110010110111110101000 hit
00010001111110010110111110101000 hit
00010100000000001000100110111100 miss
00010100000000001000100001111000 miss
00010001111110010110111111101000 hit
00010100000000000111110011000000 miss
00010100000000000111110011010100 hit
00010100000000000111110011010100 hit
00010100000000000111110011000000 hit
00010100000000000111110011000000 hit
00010100000000000111110110000000 miss
00010100000000000111110110010100 hit
00010100000000000111110110010100 hit
00010100000000000111110110000000 hit
00010100000000000111110110000000 hit
00010100000000001000100000000000 miss
00010100000000001000100000000000 hit
00010100000000000111110110000000 hit
00010100000000000111110110010100 hit
00010100000000000111110110010100 hit
00010100000000000111110110000000 hit
00010100000000000111110110000000 hit
00010100000000000111011111100000 miss
00010100000000000111011111100000 hit
00010100000000000111011111100000 hit
00010100000000001000001100100000 miss
00010100000000000111011111100000 hit
00010100000000000111011111100000 hit
00010100000000000111111011010000 miss
00010100000000000111111011100100 hit
00010100000000000111111011100100 hit
00010100000000000111111011010000 hit
00010100000000000111111011010000 hit
00010001111110010110111110000000 hit
00010100000000001000001101100000 miss
00010100000000001000001101100000 hit
00010100000000000111111011010000 hit
00010100000000000111111011100100 hit
00010100000000000111111011100100 hit
00010100000000000111111011010000 hit
00010100000000000111111011010000 hit
00010100000000000111111100001000 miss
00010100000000000111111100011100 hit
00010100000000000111111100011100 hit
00010100000000000111111100001000 hit
00010100000000000111111100001000 hit
00010001111110010110111110000000 hit
00010100000000000111111100001000 hit
00010100000000000111111100011100 hit
00010100000000000111111100011100 hit
00010100000000000111111100001000 hit
00010100000000000111111100001000 hit
00010100000000000111111101000000 miss
00010100000000000111111101010100 hit
00010100000000000111111101010100 hit
00010100000000000111111101000000 hit
00010100000000000111111101000000 hit
00010100000000000111111101000000 hit
00010100000000000111111101010100 hit
00010100000000000111111101010100 hit
00010100000000000111111101000000 hit
00010100000000000111111101000000 hit
00010100000000001000011111111000 miss
00010100000000001000100010101000 miss
00010100000000001000011111110000 hit
00010100000000001000100010101000 hit
00010100000000001000100010101000 hit
00010100000000000010011101101100 miss
00010100000000000010011101101000 hit
00010100000000000010011101101100 hit
00010100000000001000100010110000 hit
00010100000000001000100010110000 hit
00010100000000000010011110010100 miss
00010100000000000010011110010000 hit
00010100000000000010011110010100 hit
00010001111110010110111111101000 hit
.end

Total cache miss count: 215
